<?xml version="1.0" encoding="UTF-8"?>
<!-- Generated by org.testng.reporters.JUnitReportReporter -->
<testsuite name="org.test.pro.update_added_user_details.TC02_update_firstname_and_check_userlist" tests="3" time="76.665" ignored="0" failures="0" timestamp="10 May 2022 05:27:05 GMT" skipped="0" hostname="DESKTOP-RLEMNO7" errors="0">
  <testcase name="update_user_details" time="25.388" classname="org.test.pro.update_added_user_details.TC02_update_firstname_and_check_userlist"/>
  <testcase name="update_user_details1" time="26.353" classname="org.test.pro.update_added_user_details.TC02_update_firstname_and_check_userlist"/>
  <testcase name="update_user_details2" time="24.924" classname="org.test.pro.update_added_user_details.TC02_update_firstname_and_check_userlist"/>
</testsuite> <!-- org.test.pro.update_added_user_details.TC02_update_firstname_and_check_userlist -->
