<?xml version="1.0" encoding="UTF-8"?>
<!-- Generated by org.testng.reporters.JUnitReportReporter -->
<testsuite name="org.test.pro.add_system_users.TC07_check_without_selecting_repository_group_field_is_selectable_or_not" tests="3" time="74.531" ignored="0" failures="0" timestamp="09 May 2022 07:32:06 GMT" skipped="0" hostname="DESKTOP-RLEMNO7" errors="0">
  <testcase name="add_system_user1" time="20.258" classname="org.test.pro.add_system_users.TC07_check_without_selecting_repository_group_field_is_selectable_or_not"/>
  <testcase name="add_system_user2" time="38.034" classname="org.test.pro.add_system_users.TC07_check_without_selecting_repository_group_field_is_selectable_or_not"/>
  <testcase name="add_system_user" time="16.239" classname="org.test.pro.add_system_users.TC07_check_without_selecting_repository_group_field_is_selectable_or_not"/>
</testsuite> <!-- org.test.pro.add_system_users.TC07_check_without_selecting_repository_group_field_is_selectable_or_not -->
