<?xml version="1.0" encoding="UTF-8"?>
<!-- Generated by org.testng.reporters.JUnitReportReporter -->
<testsuite name="org.test.pro.add_system_users.TC16_check_inactive_user_able_to_login" tests="3" time="86.788" ignored="0" failures="0" timestamp="09 May 2022 07:32:06 GMT" skipped="0" hostname="DESKTOP-RLEMNO7" errors="0">
  <testcase name="add_system_user1" time="25.631" classname="org.test.pro.add_system_users.TC16_check_inactive_user_able_to_login"/>
  <testcase name="add_system_user2" time="40.152" classname="org.test.pro.add_system_users.TC16_check_inactive_user_able_to_login"/>
  <testcase name="add_system_user" time="21.005" classname="org.test.pro.add_system_users.TC16_check_inactive_user_able_to_login"/>
</testsuite> <!-- org.test.pro.add_system_users.TC16_check_inactive_user_able_to_login -->
