<?xml version="1.0" encoding="UTF-8"?>
<!-- Generated by org.testng.reporters.JUnitReportReporter -->
<testsuite name="org.test.pro.add_system_users.TC14_adduser_as_inactive_check_status" tests="3" time="71.284" ignored="0" failures="0" timestamp="09 May 2022 07:32:06 GMT" skipped="0" hostname="DESKTOP-RLEMNO7" errors="0">
  <testcase name="add_system_user1" time="25.880" classname="org.test.pro.add_system_users.TC14_adduser_as_inactive_check_status"/>
  <testcase name="add_system_user" time="21.735" classname="org.test.pro.add_system_users.TC14_adduser_as_inactive_check_status"/>
  <testcase name="add_system_user2" time="23.669" classname="org.test.pro.add_system_users.TC14_adduser_as_inactive_check_status"/>
</testsuite> <!-- org.test.pro.add_system_users.TC14_adduser_as_inactive_check_status -->
