<?xml version="1.0" encoding="UTF-8"?>
<!-- Generated by org.testng.reporters.JUnitReportReporter -->
<testsuite name="org.test.pro.update_added_user_details.TC07_update_role_check_userlist" tests="3" time="79.145" ignored="0" failures="0" timestamp="10 May 2022 06:08:28 GMT" skipped="0" hostname="DESKTOP-RLEMNO7" errors="0">
  <testcase name="update_user_details" time="25.251" classname="org.test.pro.update_added_user_details.TC07_update_role_check_userlist"/>
  <testcase name="update_user_details2" time="25.824" classname="org.test.pro.update_added_user_details.TC07_update_role_check_userlist"/>
  <testcase name="update_user_details1" time="28.070" classname="org.test.pro.update_added_user_details.TC07_update_role_check_userlist"/>
</testsuite> <!-- org.test.pro.update_added_user_details.TC07_update_role_check_userlist -->
