<?xml version="1.0" encoding="UTF-8"?>
<!-- Generated by org.testng.reporters.JUnitReportReporter -->
<testsuite name="org.test.pro.list_all_users.TC02_verify_adminuser_listed_properly" tests="1" time="18.799" ignored="0" failures="0" timestamp="02 May 2022 08:41:51 GMT" skipped="0" hostname="DESKTOP-RLEMNO7" errors="0">
  <testcase name="verify_added_user_list" time="18.799" classname="org.test.pro.list_all_users.TC02_verify_adminuser_listed_properly"/>
</testsuite> <!-- org.test.pro.list_all_users.TC02_verify_adminuser_listed_properly -->
