<?xml version="1.0" encoding="UTF-8"?>
<!-- Generated by org.testng.reporters.JUnitReportReporter -->
<testsuite name="org.test.pro.get_portal_user_detail.TC01_verify_admin_user_detail" tests="3" time="137.606" ignored="0" failures="0" timestamp="10 May 2022 08:45:40 GMT" skipped="0" hostname="DESKTOP-RLEMNO7" errors="0">
  <testcase name="add_system_user2" time="40.092" classname="org.test.pro.get_portal_user_detail.TC01_verify_admin_user_detail"/>
  <testcase name="add_system_user" time="43.279" classname="org.test.pro.get_portal_user_detail.TC01_verify_admin_user_detail"/>
  <testcase name="add_system_user1" time="54.235" classname="org.test.pro.get_portal_user_detail.TC01_verify_admin_user_detail"/>
</testsuite> <!-- org.test.pro.get_portal_user_detail.TC01_verify_admin_user_detail -->
