<?xml version="1.0" encoding="UTF-8"?>
<!-- Generated by org.testng.reporters.JUnitReportReporter -->
<testsuite name="org.test.pro.add_system_users.TC01_add_system_and_verify" tests="3" time="74.427" ignored="0" failures="0" timestamp="05 May 2022 07:41:02 GMT" skipped="0" hostname="DESKTOP-RLEMNO7" errors="0">
  <testcase name="add_system_user2" time="24.708" classname="org.test.pro.add_system_users.TC01_add_system_and_verify"/>
  <testcase name="add_system_user" time="23.727" classname="org.test.pro.add_system_users.TC01_add_system_and_verify"/>
  <testcase name="add_system_user1" time="25.992" classname="org.test.pro.add_system_users.TC01_add_system_and_verify"/>
</testsuite> <!-- org.test.pro.add_system_users.TC01_add_system_and_verify -->
