<?xml version="1.0" encoding="UTF-8"?>
<!-- Generated by org.testng.reporters.JUnitReportReporter -->
<testsuite name="org.test.pro.add_system_users.TC03_adduser_with_assigning_dashboard_and_check_user" tests="3" time="112.936" ignored="0" failures="0" timestamp="09 May 2022 07:32:06 GMT" skipped="0" hostname="DESKTOP-RLEMNO7" errors="0">
  <testcase name="add_system_user2" time="50.632" classname="org.test.pro.add_system_users.TC03_adduser_with_assigning_dashboard_and_check_user"/>
  <testcase name="add_system_user" time="29.783" classname="org.test.pro.add_system_users.TC03_adduser_with_assigning_dashboard_and_check_user"/>
  <testcase name="add_system_user1" time="32.521" classname="org.test.pro.add_system_users.TC03_adduser_with_assigning_dashboard_and_check_user"/>
</testsuite> <!-- org.test.pro.add_system_users.TC03_adduser_with_assigning_dashboard_and_check_user -->
