<?xml version="1.0" encoding="UTF-8"?>
<!-- Generated by org.testng.reporters.JUnitReportReporter -->
<testsuite name="org.test.pro.list_all_users.TC05_RegisteredUser_add_from_repository" tests="1" time="41.885" ignored="2" failures="0" timestamp="10 May 2022 07:28:58 GMT" skipped="0" hostname="DESKTOP-RLEMNO7" errors="0">
  <testcase name="add_user_from_repository2" time="41.885" classname="org.test.pro.list_all_users.TC05_RegisteredUser_add_from_repository"/>
  <testcase name="add_user_from_repository" classname="org.test.pro.list_all_users.TC05_RegisteredUser_add_from_repository">
    <skipped/>
  </testcase> <!-- add_user_from_repository -->
  <testcase name="add_user_from_repository1" classname="org.test.pro.list_all_users.TC05_RegisteredUser_add_from_repository">
    <skipped/>
  </testcase> <!-- add_user_from_repository1 -->
</testsuite> <!-- org.test.pro.list_all_users.TC05_RegisteredUser_add_from_repository -->
