<?xml version="1.0" encoding="UTF-8"?>
<!-- Generated by org.testng.reporters.JUnitReportReporter -->
<testsuite name="org.test.pro.list_all_users.TC07_verify_ADuser_added_properly" tests="1" time="30.026" ignored="0" failures="0" timestamp="29 Apr 2022 06:44:15 GMT" skipped="0" hostname="DESKTOP-RLEMNO7" errors="0">
  <testcase name="add_ADuser" time="30.026" classname="org.test.pro.list_all_users.TC07_verify_ADuser_added_properly"/>
</testsuite> <!-- org.test.pro.list_all_users.TC07_verify_ADuser_added_properly -->
