<?xml version="1.0" encoding="UTF-8"?>
<!-- Generated by org.testng.reporters.JUnitReportReporter -->
<testsuite name="org.test.pro.get_portal_user_detail.TC02_to_07_verify_user_details" tests="1" time="72.608" ignored="2" failures="0" timestamp="10 May 2022 09:04:41 GMT" skipped="0" hostname="DESKTOP-RLEMNO7" errors="0">
  <testcase name="add_system_user1" time="72.608" classname="org.test.pro.get_portal_user_detail.TC02_to_07_verify_user_details"/>
  <testcase name="add_system_user2" classname="org.test.pro.get_portal_user_detail.TC02_to_07_verify_user_details">
    <skipped/>
  </testcase> <!-- add_system_user2 -->
  <testcase name="add_system_user" classname="org.test.pro.get_portal_user_detail.TC02_to_07_verify_user_details">
    <skipped/>
  </testcase> <!-- add_system_user -->
</testsuite> <!-- org.test.pro.get_portal_user_detail.TC02_to_07_verify_user_details -->
