<?xml version="1.0" encoding="UTF-8"?>
<!-- Generated by org.testng.reporters.JUnitReportReporter -->
<testsuite name="org.test.pro.update_added_user_details.TC01_update_addeduser_details_and_check" tests="3" time="90.683" ignored="0" failures="0" timestamp="10 May 2022 06:48:26 GMT" skipped="0" hostname="DESKTOP-RLEMNO7" errors="0">
  <testcase name="update_user_details" time="33.287" classname="org.test.pro.update_added_user_details.TC01_update_addeduser_details_and_check"/>
  <testcase name="update_user_details2" time="23.794" classname="org.test.pro.update_added_user_details.TC01_update_addeduser_details_and_check"/>
  <testcase name="update_user_details1" time="33.602" classname="org.test.pro.update_added_user_details.TC01_update_addeduser_details_and_check"/>
</testsuite> <!-- org.test.pro.update_added_user_details.TC01_update_addeduser_details_and_check -->
