<?xml version="1.0" encoding="UTF-8"?>
<!-- Generated by org.testng.reporters.JUnitReportReporter -->
<testsuite name="org.test.pro.add_system_users.TC02_adduser_by_assign_repository_and_check" tests="3" time="116.481" ignored="0" failures="0" timestamp="09 May 2022 07:32:06 GMT" skipped="0" hostname="DESKTOP-RLEMNO7" errors="0">
  <testcase name="add_system_user2" time="51.774" classname="org.test.pro.add_system_users.TC02_adduser_by_assign_repository_and_check"/>
  <testcase name="add_system_user1" time="34.556" classname="org.test.pro.add_system_users.TC02_adduser_by_assign_repository_and_check"/>
  <testcase name="add_system_user" time="30.151" classname="org.test.pro.add_system_users.TC02_adduser_by_assign_repository_and_check"/>
</testsuite> <!-- org.test.pro.add_system_users.TC02_adduser_by_assign_repository_and_check -->
