<?xml version="1.0" encoding="UTF-8"?>
<!-- Generated by org.testng.reporters.JUnitReportReporter -->
<testsuite name="org.test.pro.get_portal_user_detail.Verify_user_details" tests="1" time="15.532" ignored="0" failures="0" timestamp="28 Apr 2022 10:05:51 GMT" skipped="0" hostname="DESKTOP-RLEMNO7" errors="0">
  <testcase name="add_system_user" time="15.532" classname="org.test.pro.get_portal_user_detail.Verify_user_details"/>
</testsuite> <!-- org.test.pro.get_portal_user_detail.Verify_user_details -->
