<?xml version="1.0" encoding="UTF-8"?>
<!-- Generated by org.testng.reporters.JUnitReportReporter -->
<testsuite name="org.test.pro.delete_portal_users.TC01_delete_portaluser_and_verify" tests="1" time="18.630" ignored="0" failures="0" timestamp="28 Apr 2022 07:42:34 GMT" skipped="0" hostname="DESKTOP-RLEMNO7" errors="0">
  <testcase name="delete_portal_user" time="18.630" classname="org.test.pro.delete_portal_users.TC01_delete_portaluser_and_verify"/>
</testsuite> <!-- org.test.pro.delete_portal_users.TC01_delete_portaluser_and_verify -->
