<?xml version="1.0" encoding="UTF-8"?>
<!-- Generated by org.testng.reporters.JUnitReportReporter -->
<testsuite name="org.test.pro.get_portal_user_detail.Verify" tests="1" time="13.524" ignored="0" failures="0" timestamp="29 Apr 2022 04:44:36 GMT" skipped="0" hostname="DESKTOP-RLEMNO7" errors="0">
  <testcase name="add_system_user" time="13.524" classname="org.test.pro.get_portal_user_detail.Verify"/>
</testsuite> <!-- org.test.pro.get_portal_user_detail.Verify -->
