<?xml version="1.0" encoding="UTF-8"?>
<!-- Generated by org.testng.reporters.JUnitReportReporter -->
<testsuite name="org.test.pro.update_added_user_details.TC08_set_temporarypassword_and_check" tests="3" time="93.205" ignored="0" failures="0" timestamp="10 May 2022 06:22:42 GMT" skipped="0" hostname="DESKTOP-RLEMNO7" errors="0">
  <testcase name="update_user_details1" time="26.340" classname="org.test.pro.update_added_user_details.TC08_set_temporarypassword_and_check"/>
  <testcase name="update_user_details" time="25.141" classname="org.test.pro.update_added_user_details.TC08_set_temporarypassword_and_check"/>
  <testcase name="update_user_details2" time="41.724" classname="org.test.pro.update_added_user_details.TC08_set_temporarypassword_and_check"/>
</testsuite> <!-- org.test.pro.update_added_user_details.TC08_set_temporarypassword_and_check -->
