<?xml version="1.0" encoding="UTF-8"?>
<!-- Generated by org.testng.reporters.JUnitReportReporter -->
<testsuite name="org.test.pro.add_system_users.TC04_adduser_with_repository_and_group_and_check" tests="3" time="132.649" ignored="0" failures="0" timestamp="09 May 2022 07:32:06 GMT" skipped="0" hostname="DESKTOP-RLEMNO7" errors="0">
  <testcase name="add_system_user" time="34.748" classname="org.test.pro.add_system_users.TC04_adduser_with_repository_and_group_and_check"/>
  <testcase name="add_system_user1" time="40.521" classname="org.test.pro.add_system_users.TC04_adduser_with_repository_and_group_and_check"/>
  <testcase name="add_system_user2" time="57.380" classname="org.test.pro.add_system_users.TC04_adduser_with_repository_and_group_and_check"/>
</testsuite> <!-- org.test.pro.add_system_users.TC04_adduser_with_repository_and_group_and_check -->
