<?xml version="1.0" encoding="UTF-8"?>
<!-- Generated by org.testng.reporters.JUnitReportReporter -->
<testsuite name="org.test.pro.list_all_users.TC01_verify_addeduser_is_properly_listed" tests="3" time="97.792" ignored="0" failures="0" timestamp="10 May 2022 07:41:05 GMT" skipped="0" hostname="DESKTOP-RLEMNO7" errors="0">
  <testcase name="verify_added_user_list2" time="32.903" classname="org.test.pro.list_all_users.TC01_verify_addeduser_is_properly_listed"/>
  <testcase name="verify_added_user_list" time="32.508" classname="org.test.pro.list_all_users.TC01_verify_addeduser_is_properly_listed"/>
  <testcase name="verify_added_user_list1" time="32.381" classname="org.test.pro.list_all_users.TC01_verify_addeduser_is_properly_listed"/>
</testsuite> <!-- org.test.pro.list_all_users.TC01_verify_addeduser_is_properly_listed -->
