<?xml version="1.0" encoding="UTF-8"?>
<!-- Generated by org.testng.reporters.JUnitReportReporter -->
<testsuite name="org.test.pro.list_all_users.TC02_03_verify_adminuser_listed_properly" tests="3" time="101.583" ignored="0" failures="0" timestamp="10 May 2022 07:09:53 GMT" skipped="0" hostname="DESKTOP-RLEMNO7" errors="0">
  <testcase name="verify_added_user_list1" time="36.954" classname="org.test.pro.list_all_users.TC02_03_verify_adminuser_listed_properly"/>
  <testcase name="verify_added_user_list2" time="32.249" classname="org.test.pro.list_all_users.TC02_03_verify_adminuser_listed_properly"/>
  <testcase name="verify_added_user_list" time="32.380" classname="org.test.pro.list_all_users.TC02_03_verify_adminuser_listed_properly"/>
</testsuite> <!-- org.test.pro.list_all_users.TC02_03_verify_adminuser_listed_properly -->
