<?xml version="1.0" encoding="UTF-8"?>
<!-- Generated by org.testng.reporters.JUnitReportReporter -->
<testsuite name="org.test.pro.add_system_users.TC01_add_systemuser_and_verify" tests="3" time="69.953" ignored="0" failures="0" timestamp="09 May 2022 07:32:06 GMT" skipped="0" hostname="DESKTOP-RLEMNO7" errors="0">
  <testcase name="add_system_user1" time="25.201" classname="org.test.pro.add_system_users.TC01_add_systemuser_and_verify"/>
  <testcase name="add_system_user2" time="23.320" classname="org.test.pro.add_system_users.TC01_add_systemuser_and_verify"/>
  <testcase name="add_system_user" time="21.432" classname="org.test.pro.add_system_users.TC01_add_systemuser_and_verify"/>
</testsuite> <!-- org.test.pro.add_system_users.TC01_add_systemuser_and_verify -->
