<?xml version="1.0" encoding="UTF-8"?>
<!-- Generated by org.testng.reporters.JUnitReportReporter -->
<testsuite name="org.test.pro.delete_portal_users.TC01_02_delete_portaluser_and_verify" tests="3" time="107.223" ignored="0" failures="0" timestamp="10 May 2022 07:54:25 GMT" skipped="0" hostname="DESKTOP-RLEMNO7" errors="0">
  <testcase name="delete_portal_user" time="33.583" classname="org.test.pro.delete_portal_users.TC01_02_delete_portaluser_and_verify"/>
  <testcase name="delete_portal_user2" time="37.404" classname="org.test.pro.delete_portal_users.TC01_02_delete_portaluser_and_verify"/>
  <testcase name="delete_portal_user1" time="36.236" classname="org.test.pro.delete_portal_users.TC01_02_delete_portaluser_and_verify"/>
</testsuite> <!-- org.test.pro.delete_portal_users.TC01_02_delete_portaluser_and_verify -->
