<?xml version="1.0" encoding="UTF-8"?>
<!-- Generated by org.testng.reporters.JUnitReportReporter -->
<testsuite name="org.test.pro.update_added_user_details.TC05_update_timezone_and_check" tests="3" time="144.796" ignored="0" failures="0" timestamp="10 May 2022 05:51:58 GMT" skipped="0" hostname="DESKTOP-RLEMNO7" errors="0">
  <testcase name="update_user_details" time="39.729" classname="org.test.pro.update_added_user_details.TC05_update_timezone_and_check"/>
  <testcase name="update_user_details1" time="45.545" classname="org.test.pro.update_added_user_details.TC05_update_timezone_and_check"/>
  <testcase name="update_user_details2" time="59.522" classname="org.test.pro.update_added_user_details.TC05_update_timezone_and_check"/>
</testsuite> <!-- org.test.pro.update_added_user_details.TC05_update_timezone_and_check -->
