<?xml version="1.0" encoding="UTF-8"?>
<!-- Generated by org.testng.reporters.JUnitReportReporter -->
<testsuite name="org.test.pro.add_system_users.TC13_add_user_as_activestate_check_status" tests="3" time="70.365" ignored="0" failures="0" timestamp="09 May 2022 07:32:06 GMT" skipped="0" hostname="DESKTOP-RLEMNO7" errors="0">
  <testcase name="add_system_user1" time="25.509" classname="org.test.pro.add_system_users.TC13_add_user_as_activestate_check_status"/>
  <testcase name="add_system_user" time="21.495" classname="org.test.pro.add_system_users.TC13_add_user_as_activestate_check_status"/>
  <testcase name="add_system_user2" time="23.361" classname="org.test.pro.add_system_users.TC13_add_user_as_activestate_check_status"/>
</testsuite> <!-- org.test.pro.add_system_users.TC13_add_user_as_activestate_check_status -->
