<?xml version="1.0" encoding="UTF-8"?>
<!-- Generated by org.testng.reporters.JUnitReportReporter -->
<testsuite name="org.test.pro.get_portal_user_detail.TC02_to_06_verify_user_details" tests="2" time="41.763" ignored="1" failures="0" timestamp="28 Apr 2022 11:11:47 GMT" skipped="0" hostname="DESKTOP-RLEMNO7" errors="0">
  <testcase name="add_system_user2" time="17.199" classname="org.test.pro.get_portal_user_detail.TC02_to_06_verify_user_details"/>
  <testcase name="add_system_user" time="24.564" classname="org.test.pro.get_portal_user_detail.TC02_to_06_verify_user_details"/>
  <testcase name="add_system_user1" classname="org.test.pro.get_portal_user_detail.TC02_to_06_verify_user_details">
    <skipped/>
  </testcase> <!-- add_system_user1 -->
</testsuite> <!-- org.test.pro.get_portal_user_detail.TC02_to_06_verify_user_details -->
