<?xml version="1.0" encoding="UTF-8"?>
<!-- Generated by org.testng.reporters.JUnitReportReporter -->
<testsuite name="org.test.pro.list_all_users.TC08_verify_ADuser_add_from_rep" tests="1" time="54.628" ignored="0" failures="0" timestamp="29 Apr 2022 07:43:02 GMT" skipped="0" hostname="DESKTOP-RLEMNO7" errors="0">
  <testcase name="add_ADuser" time="54.628" classname="org.test.pro.list_all_users.TC08_verify_ADuser_add_from_rep"/>
</testsuite> <!-- org.test.pro.list_all_users.TC08_verify_ADuser_add_from_rep -->
