<?xml version="1.0" encoding="UTF-8"?>
<!-- Generated by org.testng.reporters.JUnitReportReporter -->
<testsuite name="org.test.pro.add_system_users.TC06_check_grouplist_based_on_repository_select" tests="3" time="117.408" ignored="0" failures="0" timestamp="09 May 2022 07:32:06 GMT" skipped="0" hostname="DESKTOP-RLEMNO7" errors="0">
  <testcase name="add_system_user1" time="34.612" classname="org.test.pro.add_system_users.TC06_check_grouplist_based_on_repository_select"/>
  <testcase name="add_system_user2" time="54.655" classname="org.test.pro.add_system_users.TC06_check_grouplist_based_on_repository_select"/>
  <testcase name="add_system_user" time="28.141" classname="org.test.pro.add_system_users.TC06_check_grouplist_based_on_repository_select"/>
</testsuite> <!-- org.test.pro.add_system_users.TC06_check_grouplist_based_on_repository_select -->
